<?xml version="1.0" encoding="UTF-8"?>
<testsuite xmlns:xsi="http://www.w3.org/2001/XMLSchema-instance" xsi:noNamespaceSchemaLocation="https://maven.apache.org/surefire/maven-surefire-plugin/xsd/surefire-test-report.xsd" name="TestSuite" time="75.87" tests="2" errors="0" skipped="0" failures="1">
  <properties>
[...]
</properties>
  <testcase name="runScenario" classname="TestRunner" time="47.193"/>
  <testcase name="runScenario" classname="TestRunner" time="23.75">
    <failure message="-- Invalid credentials should be displayed -- did not expect to find [true] but found [false]" type="java.lang.AssertionError">java.lang.AssertionError: -- Invalid credentials should be displayed -- did not expect to find [true] but found [false]
</failure>
    <system-out><![CDATA[&amp#27;[32m.&amp#27;[0m&amp#27;[32m.&amp#27;[0m&amp#27;[32m.&amp#27;[0m&amp#27;[31mF&amp#27;[0mScenario failed is 
Page URL https://account.box.com/login/credentials?redirect_url=%2F]]></system-out>
    <system-err><![CDATA[&amp#27;[33m
[2021-03-27 00:57:51] [WARNING]&amp#27;[37m Taking screenshot of failed area for scenario -->> System should not login into the account with invalid credentials&amp#27;[0m
]]></system-err>
  </testcase>
</testsuite>